\BOOKMARK [0][-]{chapter*.1}{\376\377\000C\000o\000n\000t\000e\000n\000t\000s}{}% 1
\BOOKMARK [0][-]{chapter*.2}{\376\377\000L\000i\000s\000t\000\040\000o\000f\000\040\000F\000i\000g\000u\000r\000e\000s}{}% 2
\BOOKMARK [0][-]{chapter*.3}{\376\377\000L\000i\000s\000t\000\040\000o\000f\000\040\000T\000a\000b\000l\000e\000s}{}% 3
\BOOKMARK [0][-]{chapter*.4}{\376\377\000L\000i\000s\000t\000i\000n\000g\000s}{}% 4
\BOOKMARK [0][-]{chapter.1}{\376\377\000E\000x\000e\000c\000u\000t\000i\000v\000e\000\040\000S\000u\000m\000m\000a\000r\000y}{}% 5
\BOOKMARK [0][-]{chapter.2}{\376\377\000I\000n\000t\000r\000o\000d\000u\000c\000t\000i\000o\000n}{}% 6
\BOOKMARK [1][-]{section.2.1}{\376\377\000B\000a\000c\000k\000g\000r\000o\000u\000n\000d\000\040\000a\000n\000d\000\040\000C\000o\000n\000t\000e\000x\000t}{chapter.2}% 7
\BOOKMARK [1][-]{section.2.2}{\376\377\000A\000u\000t\000h\000o\000r\000\040\000P\000r\000o\000f\000i\000l\000e\000\040\000a\000n\000d\000\040\000P\000r\000o\000f\000e\000s\000s\000i\000o\000n\000a\000l\000\040\000S\000c\000o\000p\000e}{chapter.2}% 8
\BOOKMARK [1][-]{section.2.3}{\376\377\000D\000o\000c\000u\000m\000e\000n\000t\000\040\000G\000o\000a\000l\000s\000\040\000a\000n\000d\000\040\000W\000o\000r\000k\000s\000p\000a\000c\000e\000\040\000S\000c\000o\000p\000e}{chapter.2}% 9
\BOOKMARK [0][-]{chapter.3}{\376\377\000T\000h\000e\000\040\000w\000i\000s\000r\000o\000v\000i\000\040\000S\000U\000I\000T\000E\000\040\000T\000e\000c\000h\000n\000i\000c\000a\000l\000\040\000A\000r\000c\000h\000i\000t\000e\000c\000t\000u\000r\000e}{}% 10
\BOOKMARK [1][-]{section.3.1}{\376\377\000C\000o\000r\000e\000\040\000P\000i\000p\000e\000l\000i\000n\000e\000\040\000O\000r\000c\000h\000e\000s\000t\000r\000a\000t\000i\000o\000n\000\040\000\050\000w\000p\000i\000p\000e\000\040\000E\000c\000o\000s\000y\000s\000t\000e\000m\000\051}{chapter.3}% 11
\BOOKMARK [1][-]{section.3.2}{\376\377\000D\000a\000t\000a\000b\000a\000s\000e\000\040\000O\000R\000M\000s\000\040\000a\000n\000d\000\040\000C\000a\000c\000h\000i\000n\000g}{chapter.3}% 12
\BOOKMARK [1][-]{section.3.3}{\376\377\000Z\000e\000r\000o\000\040\000T\000r\000u\000s\000t\000\040\000C\000r\000y\000p\000t\000o\000g\000r\000a\000p\000h\000y\000\040\000a\000n\000d\000\040\000S\000e\000c\000r\000e\000t\000\040\000V\000a\000u\000l\000t\000s}{chapter.3}% 13
\BOOKMARK [1][-]{section.3.4}{\376\377\000M\000L\000O\000p\000s\000\040\000a\000n\000d\000\040\000M\000u\000l\000t\000i\000m\000e\000d\000i\000a}{chapter.3}% 14
\BOOKMARK [0][-]{chapter.4}{\376\377\000I\000n\000s\000t\000a\000l\000l\000a\000t\000i\000o\000n\000\040\000a\000n\000d\000\040\000C\000o\000n\000f\000i\000g\000u\000r\000a\000t\000i\000o\000n\000\040\000G\000u\000i\000d\000e}{}% 15
\BOOKMARK [1][-]{section.4.1}{\376\377\000P\000r\000e\000r\000e\000q\000u\000i\000s\000i\000t\000e\000s\000\040\000a\000n\000d\000\040\000S\000y\000s\000t\000e\000m\000\040\000R\000e\000q\000u\000i\000r\000e\000m\000e\000n\000t\000s}{chapter.4}% 16
\BOOKMARK [1][-]{section.4.2}{\376\377\000S\000t\000e\000p\000-\000b\000y\000-\000S\000t\000e\000p\000\040\000I\000n\000s\000t\000a\000l\000l\000a\000t\000i\000o\000n}{chapter.4}% 17
\BOOKMARK [1][-]{section.4.3}{\376\377\000D\000o\000c\000k\000e\000r\000\040\000a\000n\000d\000\040\000G\000P\000U\000\040\000C\000o\000n\000t\000a\000i\000n\000e\000r\000\040\000C\000o\000n\000f\000i\000g\000u\000r\000a\000t\000i\000o\000n}{chapter.4}% 18
\BOOKMARK [0][-]{chapter.5}{\376\377\000C\000o\000d\000e\000\040\000E\000x\000a\000m\000p\000l\000e\000s\000\040\000a\000n\000d\000\040\000C\000o\000n\000f\000i\000g\000u\000r\000a\000t\000i\000o\000n\000s}{}% 19
\BOOKMARK [1][-]{section.5.1}{\376\377\000P\000i\000p\000e\000l\000i\000n\000e\000\040\000D\000e\000f\000i\000n\000i\000t\000i\000o\000n\000\040\000w\000i\000t\000h\000\040\000w\000p\000i\000p\000e}{chapter.5}% 20
\BOOKMARK [1][-]{section.5.2}{\376\377\000D\000a\000t\000a\000b\000a\000s\000e\000\040\000M\000a\000p\000p\000i\000n\000g\000\040\000w\000i\000t\000h\000\040\000w\000s\000q\000l\000i\000t\000e}{chapter.5}% 21
\BOOKMARK [1][-]{section.5.3}{\376\377\000S\000e\000c\000r\000e\000t\000s\000\040\000V\000a\000u\000l\000t\000\040\000M\000a\000n\000a\000g\000e\000m\000e\000n\000t\000\040\000v\000i\000a\000\040\000w\000a\000u\000t\000h}{chapter.5}% 22
\BOOKMARK [0][-]{chapter.6}{\376\377\000P\000r\000a\000c\000t\000i\000c\000a\000l\000\040\000P\000r\000o\000d\000u\000c\000t\000i\000o\000n\000\040\000C\000a\000s\000e\000\040\000S\000t\000u\000d\000i\000e\000s}{}% 23
\BOOKMARK [1][-]{section.6.1}{\376\377\000N\000e\000u\000r\000a\000l\000F\000o\000r\000g\000e\000\040\000A\000I\000:\000\040\000D\000i\000s\000t\000r\000i\000b\000u\000t\000e\000d\000\040\000Y\000O\000L\000O\000\040\000O\000p\000t\000i\000m\000i\000z\000e\000r}{chapter.6}% 24
\BOOKMARK [1][-]{section.6.2}{\376\377\000P\000r\000o\000c\000e\000s\000s\000A\000u\000d\000i\000o\000:\000\040\000A\000u\000g\000m\000e\000n\000t\000a\000t\000i\000o\000n\000\040\000P\000i\000p\000e\000l\000i\000n\000e}{chapter.6}% 25
\BOOKMARK [1][-]{section.6.3}{\376\377\000W\000e\000b\000\040\000R\000P\000G\000:\000\040\000P\000r\000o\000c\000e\000d\000u\000r\000a\000l\000\040\000A\000s\000s\000e\000t\000\040\000R\000e\000n\000d\000e\000r\000i\000n\000g}{chapter.6}% 26
\BOOKMARK [0][-]{chapter.7}{\376\377\000P\000e\000r\000f\000o\000r\000m\000a\000n\000c\000e\000\040\000M\000e\000t\000r\000i\000c\000s\000\040\000a\000n\000d\000\040\000B\000e\000n\000c\000h\000m\000a\000r\000k\000s}{}% 27
\BOOKMARK [1][-]{section.7.1}{\376\377\000w\000s\000q\000l\000i\000t\000e\000\040\000C\000o\000n\000n\000e\000c\000t\000i\000o\000n\000\040\000C\000o\000n\000c\000u\000r\000r\000e\000n\000c\000y\000\040\000P\000e\000r\000f\000o\000r\000m\000a\000n\000c\000e}{chapter.7}% 28
\BOOKMARK [1][-]{section.7.2}{\376\377\000w\000F\000a\000b\000r\000i\000c\000S\000e\000c\000u\000r\000i\000t\000y\000\040\000L\000a\000t\000e\000n\000c\000y\000\040\000B\000e\000n\000c\000h\000m\000a\000r\000k\000s}{chapter.7}% 29
\BOOKMARK [0][-]{chapter.8}{\376\377\000B\000e\000s\000t\000\040\000P\000r\000a\000c\000t\000i\000c\000e\000s\000,\000\040\000Q\000u\000a\000l\000i\000t\000y\000\040\000A\000s\000s\000u\000r\000a\000n\000c\000e\000,\000\040\000a\000n\000d\000\040\000T\000r\000o\000u\000b\000l\000e\000s\000h\000o\000o\000t\000i\000n\000g}{}% 30
\BOOKMARK [1][-]{section.8.1}{\376\377\000C\000o\000d\000e\000\040\000Q\000u\000a\000l\000i\000t\000y\000\040\000C\000o\000n\000t\000r\000o\000l\000s\000\040\000\050\000P\000y\000l\000i\000n\000t\000\040\000a\000n\000d\000\040\000B\000a\000n\000d\000i\000t\000\051}{chapter.8}% 31
\BOOKMARK [1][-]{section.8.2}{\376\377\000C\000o\000m\000m\000o\000n\000\040\000F\000a\000i\000l\000u\000r\000e\000s\000\040\000a\000n\000d\000\040\000T\000r\000o\000u\000b\000l\000e\000s\000h\000o\000o\000t\000i\000n\000g}{chapter.8}% 32
\BOOKMARK [2][-]{subsection.8.2.1}{\376\377\000D\000a\000t\000a\000b\000a\000s\000e\000L\000o\000c\000k\000e\000d\000E\000r\000r\000o\000r\000\040\000\050\000S\000Q\000L\000i\000t\000e\000\040\000C\000o\000n\000c\000u\000r\000r\000e\000n\000c\000y\000\051}{section.8.2}% 33
\BOOKMARK [2][-]{subsection.8.2.2}{\376\377\000D\000e\000c\000r\000y\000p\000t\000i\000o\000n\000E\000r\000r\000o\000r\000\040\000\050\000w\000a\000u\000t\000h\000\040\000K\000e\000y\000\040\000M\000i\000s\000m\000a\000t\000c\000h\000\051}{section.8.2}% 34
\BOOKMARK [0][-]{chapter.9}{\376\377\000C\000o\000n\000c\000l\000u\000s\000i\000o\000n\000s\000\040\000a\000n\000d\000\040\000F\000u\000t\000u\000r\000e\000\040\000R\000o\000a\000d\000m\000a\000p}{}% 35
\BOOKMARK [1][-]{section.9.1}{\376\377\000F\000i\000n\000a\000l\000\040\000T\000e\000c\000h\000n\000i\000c\000a\000l\000\040\000C\000o\000n\000c\000l\000u\000s\000i\000o\000n\000s}{chapter.9}% 36
\BOOKMARK [1][-]{section.9.2}{\376\377\000R\000o\000a\000d\000m\000a\000p\000:\000\040\000G\000e\000n\000e\000r\000a\000t\000i\000v\000e\000\040\000A\000I\000\040\000I\000n\000t\000e\000g\000r\000a\000t\000i\000o\000n\000s}{chapter.9}% 37
\BOOKMARK [1][-]{section.9.3}{\376\377\000R\000o\000a\000d\000m\000a\000p\000:\000\040\000K\000u\000b\000e\000r\000n\000e\000t\000e\000s\000\040\000G\000P\000U\000\040\000O\000r\000c\000h\000e\000s\000t\000r\000a\000t\000i\000o\000n}{chapter.9}% 38
\BOOKMARK [0][-]{chapter*.8}{\376\377\000B\000i\000b\000l\000i\000o\000g\000r\000a\000p\000h\000y}{}% 39
\BOOKMARK [0][-]{appendix.1.A}{\376\377\000A\000d\000v\000a\000n\000c\000e\000d\000\040\000D\000o\000c\000k\000e\000r\000\040\000C\000o\000m\000p\000o\000s\000e\000\040\000C\000o\000n\000f\000i\000g\000u\000r\000a\000t\000i\000o\000n}{}% 40
\BOOKMARK [0][-]{appendix*.9}{\376\377\000A\000c\000k\000n\000o\000w\000l\000e\000d\000g\000e\000m\000e\000n\000t\000s}{}% 41
